27-01-2023 20:16:23 - main - INFO - <module> - start program
27-01-2023 20:16:34 - main - INFO - <module> - start program
27-01-2023 20:20:49 - main - INFO - <module> - start program
27-01-2023 20:21:04 - main - INFO - <module> - start program
27-01-2023 20:21:15 - main - INFO - <module> - start program
27-01-2023 20:21:54 - main - INFO - <module> - start program
27-01-2023 20:23:47 - main - INFO - <module> - start program
27-01-2023 20:24:56 - main - INFO - <module> - start program
27-01-2023 20:25:03 - user_interfase - ERROR - menu_select - Err
27-01-2023 20:25:13 - main - INFO - <module> - start program
27-01-2023 20:25:27 - main - INFO - <module> - start program
27-01-2023 20:25:31 - user_interfase - INFO - menu_select - Stop program
27-01-2023 20:25:34 - main - INFO - <module> - start program
27-01-2023 20:26:19 - main - INFO - <module> - start program
27-01-2023 20:27:14 - user_interfase - INFO - menu_select - Stop program
27-01-2023 20:27:16 - main - INFO - <module> - start program
27-01-2023 20:27:20 - user_interfase - INFO - menu_calk - Stop program
27-01-2023 20:27:23 - main - INFO - <module> - start program
27-01-2023 20:29:12 - main - INFO - <module> - start program
27-01-2023 20:29:27 - excep - ERROR - button_click - Err
27-01-2023 20:31:52 - main - INFO - <module> - start program
27-01-2023 20:32:06 - main - INFO - <module> - start program
27-01-2023 20:32:24 - excep - ERROR - button_click - Err
27-01-2023 20:35:00 - main - INFO - <module> - start program
27-01-2023 20:35:13 - excep - ERROR - button_click - Err
27-01-2023 20:39:00 - main - INFO - <module> - start program
27-01-2023 20:47:41 - user_interfase - INFO - menu_select - Stop program
27-01-2023 20:47:43 - main - INFO - <module> - start program
27-01-2023 20:47:53 - user_interfase - INFO - menu_calk - Stop program
27-01-2023 20:48:49 - main - INFO - <module> - start program
27-01-2023 20:50:42 - main - INFO - <module> - start program
